[debug] [2019-06-20T18:59:12.427Z] ----------------------------------------------------------------------
[debug] [2019-06-20T18:59:12.430Z] Command:       C:\Program Files\nodejs\node.exe C:\Users\angry\AppData\Roaming\npm\node_modules\firebase-tools\lib\bin\firebase.js serve
[debug] [2019-06-20T18:59:12.431Z] CLI Version:   7.0.1
[debug] [2019-06-20T18:59:12.431Z] Platform:      win32
[debug] [2019-06-20T18:59:12.431Z] Node Version:  v10.16.0
[debug] [2019-06-20T18:59:12.432Z] Time:          Thu Jun 20 2019 19:59:12 GMT+0100 (British Summer Time)
[debug] [2019-06-20T18:59:12.432Z] ----------------------------------------------------------------------
[debug] 
[debug] [2019-06-20T18:59:12.443Z] > command requires scopes: ["email","openid","https://www.googleapis.com/auth/cloudplatformprojects.readonly","https://www.googleapis.com/auth/firebase","https://www.googleapis.com/auth/cloud-platform"]
[debug] [2019-06-20T18:59:12.444Z] > authorizing via signed-in user
[debug] [2019-06-20T18:59:12.444Z] [iam] checking project vue-password-manager for permissions ["firebase.projects.get"]
[debug] [2019-06-20T18:59:12.446Z] >>> HTTP REQUEST POST https://cloudresourcemanager.googleapis.com/v1/projects/vue-password-manager:testIamPermissions  

[debug] [2019-06-20T18:59:13.226Z] <<< HTTP RESPONSE 200
[debug] [2019-06-20T18:59:13.229Z] >>> HTTP REQUEST GET https://cloudresourcemanager.googleapis.com/v1/projects/vue-password-manager  
 
[debug] [2019-06-20T18:59:13.934Z] <<< HTTP RESPONSE 200
[info] 
[info] === Serving from 'C:\Users\angry\OneDrive\Documents\GitHub\Vue\vue-password-manager'...
[info] 
[debug] [2019-06-20T18:59:13.936Z] >>> HTTP REQUEST GET https://mobilesdk-pa.googleapis.com/v1/projects/871120481745/clients/_:getWebAppConfig  
 
[debug] [2019-06-20T18:59:14.244Z] <<< HTTP RESPONSE 200
[info] i  hosting: Serving hosting files from: dist
[info] +  hosting: Local server: http://localhost:5000
